2023-02-24T09:53:58+00:00 CRITICAL Uncaught TypeError: Argument 1 passed to WPSEO_Options::register_option() must be an instance of WPSEO_Option, null given, called in /home/xuong308/nhadatquan9.net/wp-content/plugins/wordpress-seo/inc/options/class-wpseo-options.php on line 63 and defined in /home/xuong308/nhadatquan9.net/wp-content/plugins/wordpress-seo/inc/options/class-wpseo-options.php:95
Stack trace:
#0 /home/xuong308/nhadatquan9.net/wp-content/plugins/wordpress-seo/inc/options/class-wpseo-options.php(63): WPSEO_Options::register_option(NULL)
#1 /home/xuong308/nhadatquan9.net/wp-content/plugins/wordpress-seo/inc/options/class-wpseo-options.php(84): WPSEO_Options->__construct()
#2 /home/xuong308/nhadatquan9.net/wp-content/plugins/wordpress-seo/wp-seo-main.php(323): WPSEO_Options::get_instance()
#3 /home/xuong308/nhadatquan9.net/wp-includes/class-wp-hook.php(308): wpseo_init('')
#4 /home/xuong308/nhadatquan9.net/wp-includes/class-wp-hook.php(332): WP_Hook->apply_filters(NULL, Array)
#5 /home/xuong308/nhadatquan9.net/wp-includes/plugin.php( in /home/xuong308/nhadatquan9.net/wp-content/plugins/wordpress-seo/inc/options/class-wpseo-options.php on line 95

2023-02-24T09:53:59+00:00 CRITICAL require(): Failed opening required '/home/xuong308/nhadatquan9.net/wp-content/themes/flatsome/inc/shortcodes/ux_products.php' (include_path='.:/opt/alt/php74/usr/share/pear') in /home/xuong308/nhadatquan9.net/wp-content/themes/flatsome/inc/init.php on line 135

2023-02-24T09:54:00+00:00 CRITICAL Uncaught TypeError: Argument 1 passed to WPSEO_Options::register_option() must be an instance of WPSEO_Option, null given, called in /home/xuong308/nhadatquan9.net/wp-content/plugins/wordpress-seo/inc/options/class-wpseo-options.php on line 63 and defined in /home/xuong308/nhadatquan9.net/wp-content/plugins/wordpress-seo/inc/options/class-wpseo-options.php:95
Stack trace:
#0 /home/xuong308/nhadatquan9.net/wp-content/plugins/wordpress-seo/inc/options/class-wpseo-options.php(63): WPSEO_Options::register_option(NULL)
#1 /home/xuong308/nhadatquan9.net/wp-content/plugins/wordpress-seo/inc/options/class-wpseo-options.php(84): WPSEO_Options->__construct()
#2 /home/xuong308/nhadatquan9.net/wp-content/plugins/wordpress-seo/wp-seo-main.php(323): WPSEO_Options::get_instance()
#3 /home/xuong308/nhadatquan9.net/wp-includes/class-wp-hook.php(308): wpseo_init('')
#4 /home/xuong308/nhadatquan9.net/wp-includes/class-wp-hook.php(332): WP_Hook->apply_filters(NULL, Array)
#5 /home/xuong308/nhadatquan9.net/wp-includes/plugin.php( in /home/xuong308/nhadatquan9.net/wp-content/plugins/wordpress-seo/inc/options/class-wpseo-options.php on line 95

2023-02-24T09:54:01+00:00 CRITICAL require(): Failed opening required '/home/xuong308/nhadatquan9.net/wp-content/themes/flatsome/inc/admin/admin-notice.php' (include_path='.:/opt/alt/php74/usr/share/pear') in /home/xuong308/nhadatquan9.net/wp-content/themes/flatsome/inc/admin/admin-init.php on line 30

2023-02-24T09:54:02+00:00 CRITICAL require(): Failed opening required '/home/xuong308/nhadatquan9.net/wp-includes/blocks/require-static-blocks.php' (include_path='.:/opt/alt/php74/usr/share/pear') in /home/xuong308/nhadatquan9.net/wp-includes/blocks/index.php on line 22

2023-02-24T09:54:02+00:00 CRITICAL require(): Failed opening required '/home/xuong308/nhadatquan9.net/wp-content/plugins/woocommerce/src/Internal/Admin/ProductReviews/Reviews.php' (include_path='.:/opt/alt/php74/usr/share/pear') in /home/xuong308/nhadatquan9.net/wp-content/plugins/woocommerce/vendor/jetpack-autoloader/class-php-autoloader.php on line 87

2023-02-24T09:54:02+00:00 CRITICAL require_once(): Failed opening required '/home/xuong308/nhadatquan9.net/wp-admin/includes/post.php' (include_path='.:/opt/alt/php74/usr/share/pear') in /home/xuong308/nhadatquan9.net/wp-admin/includes/admin.php on line 55

2023-02-24T09:54:02+00:00 CRITICAL require_once(): Failed opening required '/home/xuong308/nhadatquan9.net/wp-includes/widgets/class-wp-widget-media.php' (include_path='.:/opt/alt/php74/usr/share/pear') in /home/xuong308/nhadatquan9.net/wp-includes/default-widgets.php on line 23

2023-02-24T09:54:04+00:00 CRITICAL Uncaught Error: Class 'WC_Data_Store' not found in /home/xuong308/nhadatquan9.net/wp-content/plugins/woocommerce/src/Proxies/LegacyProxy.php:61
Stack trace:
#0 /home/xuong308/nhadatquan9.net/wp-content/plugins/woocommerce/src/Internal/DownloadPermissionsAdjuster.php(31): Automattic\WooCommerce\Proxies\LegacyProxy->get_instance_of('WC_Data_Store', 'customer-downlo...')
#1 [internal function]: Automattic\WooCommerce\Internal\DownloadPermissionsAdjuster->init()
#2 /home/xuong308/nhadatquan9.net/wp-content/plugins/woocommerce/src/Internal/DependencyManagement/Definition.php(34): call_user_func_array(Array, Array)
#3 /home/xuong308/nhadatquan9.net/wp-content/plugins/woocommerce/lib/packages/League/Container/Definition/Definition.php(212): Automattic\WooCommerce\Internal\DependencyManagement\Definition->resolveClass(Object(Automattic\WooCommerce\Internal\DownloadPermissionsAdjuster))
#4 /home/xuong308/nhadatquan9.net/wp-content/plugins/woocommerce/lib/packages/League/Container/Definition/DefinitionAggregate.php(94) in /home/xuong308/nhadatquan9.net/wp-content/plugins/woocommerce/src/Proxies/LegacyProxy.php on line 61

2023-02-24T09:54:11+00:00 CRITICAL require(): Failed opening required '/home/xuong308/nhadatquan9.net/wp-content/themes/flatsome/inc/shortcodes/ux_products_list.php' (include_path='.:/opt/alt/php74/usr/share/pear') in /home/xuong308/nhadatquan9.net/wp-content/themes/flatsome/inc/init.php on line 136

2023-02-24T09:54:13+00:00 CRITICAL Uncaught Error: Class 'WPSEO_Premium_Orphaned_Content_Utils' not found in /home/xuong308/nhadatquan9.net/wp-content/plugins/wordpress-seo-premium/classes/premium-orphaned-post-filter.php:32
Stack trace:
#0 /home/xuong308/nhadatquan9.net/wp-content/plugins/wordpress-seo-premium/premium.php(183): WPSEO_Premium_Orphaned_Post_Filter->register_hooks()
#1 /home/xuong308/nhadatquan9.net/wp-content/plugins/wordpress-seo-premium/premium.php(107): WPSEO_Premium->setup()
#2 /home/xuong308/nhadatquan9.net/wp-content/plugins/wordpress-seo-premium/src/initializers/plugin.php(53): WPSEO_Premium->__construct()
#3 /home/xuong308/nhadatquan9.net/wp-includes/class-wp-hook.php(308): Yoast\WP\SEO\Premium\Initializers\Plugin->load('')
#4 /home/xuong308/nhadatquan9.net/wp-includes/class-wp-hook.php(332): WP_Hook->apply_filters(NULL, Array)
#5 /home/xuong308/nhadatquan9.net/wp-includes/plugin.php(517): WP_Hook->do_action(Array)
#6 /home/xuong308/nhadatquan9.net/wp-settings.php(480): do_action('plugins_loaded')
#7 /home/xuong308/nhad in /home/xuong308/nhadatquan9.net/wp-content/plugins/wordpress-seo-premium/classes/premium-orphaned-post-filter.php on line 32

2023-02-24T09:54:14+00:00 CRITICAL require(): Failed opening required '/home/xuong308/nhadatquan9.net/wp-content/plugins/woocommerce/src/Internal/DataStores/Orders/OrdersTableDataStore.php' (include_path='.:/opt/alt/php74/usr/share/pear') in /home/xuong308/nhadatquan9.net/wp-content/plugins/woocommerce/vendor/jetpack-autoloader/class-php-autoloader.php on line 87

2023-02-24T09:54:15+00:00 CRITICAL require(): Failed opening required '/home/xuong308/nhadatquan9.net/wp-content/themes/flatsome/inc/shortcodes/ux_video.php' (include_path='.:/opt/alt/php74/usr/share/pear') in /home/xuong308/nhadatquan9.net/wp-content/themes/flatsome/inc/init.php on line 124

2023-02-24T09:54:17+00:00 CRITICAL require(): Failed opening required '/home/xuong308/nhadatquan9.net/wp-content/plugins/woocommerce/src/Admin/Features/OnboardingTasks/Init.php' (include_path='.:/opt/alt/php74/usr/share/pear') in /home/xuong308/nhadatquan9.net/wp-content/plugins/woocommerce/vendor/jetpack-autoloader/class-php-autoloader.php on line 87

2023-02-24T09:54:17+00:00 CRITICAL Uncaught Error: Class 'ActionScheduler_StoreSchema' not found in /home/xuong308/nhadatquan9.net/wp-content/plugins/woocommerce/packages/action-scheduler/classes/data-stores/ActionScheduler_DBStore.php:34
Stack trace:
#0 /home/xuong308/nhadatquan9.net/wp-includes/class-wp-hook.php(306): ActionScheduler_DBStore->init()
#1 /home/xuong308/nhadatquan9.net/wp-includes/class-wp-hook.php(332): WP_Hook->apply_filters(NULL, Array)
#2 /home/xuong308/nhadatquan9.net/wp-includes/plugin.php(517): WP_Hook->do_action(Array)
#3 /home/xuong308/nhadatquan9.net/wp-settings.php(617): do_action('init')
#4 /home/xuong308/nhadatquan9.net/wp-config.php(91): require_once('/home/xuong308/...')
#5 /home/xuong308/nhadatquan9.net/wp-load.php(50): require_once('/home/xuong308/...')
#6 /home/xuong308/nhadatquan9.net/wp-admin/admin.php(34): require_once('/home/xuong308/...')
#7 {main}
  thrown in /home/xuong308/nhadatquan9.net/wp-content/plugins/woocommerce/packages/action-scheduler/classes/data-stores/ActionScheduler_DBStore.php on line 34

2023-02-24T09:54:17+00:00 CRITICAL Uncaught Error: Class 'WC_Integration' not found in /home/xuong308/nhadatquan9.net/wp-content/plugins/woocommerce/includes/integrations/maxmind-geolocation/class-wc-integration-maxmind-geolocation.php:18
Stack trace:
#0 /home/xuong308/nhadatquan9.net/wp-content/plugins/woocommerce/includes/class-wc-autoloader.php(54): include_once()
#1 /home/xuong308/nhadatquan9.net/wp-content/plugins/woocommerce/includes/class-wc-autoloader.php(97): WC_Autoloader->load_file('/home/xuong308/...')
#2 [internal function]: WC_Autoloader->autoload('wc_integration_...')
#3 /home/xuong308/nhadatquan9.net/wp-content/plugins/woocommerce/includes/class-wc-integrations.php(41): spl_autoload_call('WC_Integration_...')
#4 /home/xuong308/nhadatquan9.net/wp-content/plugins/woocommerce/includes/class-woocommerce.php(652): WC_Integrations->__construct()
#5 /home/xuong308/nhadatquan9.net/wp-includes/class-wp-hook.php(308): WooCommerce->init('')
#6 /home/xuong308/nhadatquan9.net/wp-includes/class-wp-hook.php(332): WP_Hook->apply_filters(NULL,  in /home/xuong308/nhadatquan9.net/wp-content/plugins/woocommerce/includes/integrations/maxmind-geolocation/class-wc-integration-maxmind-geolocation.php on line 18

2023-02-24T09:54:20+00:00 CRITICAL Uncaught Error: Class 'WPSEO_GSC' not found in /home/xuong308/nhadatquan9.net/wp-content/plugins/wordpress-seo/admin/menu/class-admin-menu.php:83
Stack trace:
#0 /home/xuong308/nhadatquan9.net/wp-content/plugins/wordpress-seo/admin/menu/class-admin-menu.php(32): WPSEO_Admin_Menu->get_submenu_pages()
#1 /home/xuong308/nhadatquan9.net/wp-includes/class-wp-hook.php(308): WPSEO_Admin_Menu->register_settings_page('')
#2 /home/xuong308/nhadatquan9.net/wp-includes/class-wp-hook.php(332): WP_Hook->apply_filters('', Array)
#3 /home/xuong308/nhadatquan9.net/wp-includes/plugin.php(517): WP_Hook->do_action(Array)
#4 /home/xuong308/nhadatquan9.net/wp-admin/includes/menu.php(155): do_action('admin_menu', '')
#5 /home/xuong308/nhadatquan9.net/wp-admin/menu.php(428): require_once('/home/xuong308/...')
#6 /home/xuong308/nhadatquan9.net/wp-admin/admin.php(158): require('/home/xuong308/...')
#7 {main}
  thrown in /home/xuong308/nhadatquan9.net/wp-content/plugins/wordpress-seo/admin/menu/class-admin-menu.php on line 83

2023-02-24T10:18:17+00:00 CRITICAL Uncaught Error: Class 'Yoast\WP\SEO\Integrations\Watchers\Indexable_Permalink_Watcher' not found in /home/xuong308/nhadatquan9.net/wp-content/plugins/wordpress-seo/src/integrations/watchers/indexable-category-permalink-watcher.php:10
Stack trace:
#0 /home/xuong308/nhadatquan9.net/wp-content/plugins/wordpress-seo-premium/vendor/composer/ClassLoader.php(571): include()
#1 /home/xuong308/nhadatquan9.net/wp-content/plugins/wordpress-seo-premium/vendor/composer/ClassLoader.php(428): Composer\Autoload\includeFile('/home/xuong308/...')
#2 [internal function]: Composer\Autoload\ClassLoader->loadClass('Yoast\\WP\\SEO\\In...')
#3 /home/xuong308/nhadatquan9.net/wp-content/plugins/wordpress-seo/src/loader.php(228): spl_autoload_call('Yoast\\WP\\SEO\\In...')
#4 /home/xuong308/nhadatquan9.net/wp-content/plugins/wordpress-seo/src/loader.php(197): Yoast\WP\SEO\Loader->conditionals_are_met('Yoast\\WP\\SEO\\In...')
#5 /home/xuong308/nhadatquan9.net/wp-includes/class-wp-hook.php(308): Yoast\WP\SEO\Loader->load_integrations('')
 in /home/xuong308/nhadatquan9.net/wp-content/plugins/wordpress-seo/src/integrations/watchers/indexable-category-permalink-watcher.php on line 10

2023-02-24T10:18:17+00:00 CRITICAL Uncaught Error: Class 'Yoast\WP\SEO\Conditionals\Wincher_Conditional' not found in /home/xuong308/nhadatquan9.net/wp-content/plugins/wordpress-seo/src/generated/container.php:2026
Stack trace:
#0 /home/xuong308/nhadatquan9.net/wp-content/plugins/wordpress-seo/vendor_prefixed/symfony/dependency-injection/Container.php(271): Yoast\WP\SEO\Generated\Cached_Container->getWincherConditionalService()
#1 /home/xuong308/nhadatquan9.net/wp-content/plugins/wordpress-seo/src/loader.php(230): YoastSEO_Vendor\Symfony\Component\DependencyInjection\Container->get('Yoast\\WP\\SEO\\Co...')
#2 /home/xuong308/nhadatquan9.net/wp-content/plugins/wordpress-seo/src/loader.php(197): Yoast\WP\SEO\Loader->conditionals_are_met('Yoast\\WP\\SEO\\In...')
#3 /home/xuong308/nhadatquan9.net/wp-includes/class-wp-hook.php(308): Yoast\WP\SEO\Loader->load_integrations('')
#4 /home/xuong308/nhadatquan9.net/wp-includes/class-wp-hook.php(332): WP_Hook->apply_filters(NULL, Array)
#5 /home/xuong308/nhadatquan9.net/wp-includes/plugin.php(517): WP_Hook- in /home/xuong308/nhadatquan9.net/wp-content/plugins/wordpress-seo/src/generated/container.php on line 2026

2023-02-24T10:18:18+00:00 CRITICAL require(): Failed opening required '/home/xuong308/nhadatquan9.net/wp-content/themes/flatsome/inc/admin/admin-notice.php' (include_path='.:/opt/alt/php74/usr/share/pear') in /home/xuong308/nhadatquan9.net/wp-content/themes/flatsome/inc/admin/admin-init.php on line 30

2023-02-24T10:18:18+00:00 CRITICAL require(): Failed opening required '/home/xuong308/nhadatquan9.net/wp-content/plugins/wordpress-seo-premium/vendor/autoload.php' (include_path='.:/opt/alt/php74/usr/share/pear') in /home/xuong308/nhadatquan9.net/wp-content/plugins/wordpress-seo-premium/wp-seo-premium.php on line 110

2023-02-24T10:18:18+00:00 CRITICAL require(): Failed opening required '/home/xuong308/nhadatquan9.net/wp-content/plugins/woocommerce/src/Admin/Features/OnboardingTasks/Task.php' (include_path='.:/opt/alt/php74/usr/share/pear') in /home/xuong308/nhadatquan9.net/wp-content/plugins/woocommerce/vendor/jetpack-autoloader/class-php-autoloader.php on line 87

2023-02-24T10:18:18+00:00 CRITICAL require(): Failed opening required '/home/xuong308/nhadatquan9.net/wp-content/plugins/woocommerce/includes/rest-api/Server.php' (include_path='.:/opt/alt/php74/usr/share/pear') in /home/xuong308/nhadatquan9.net/wp-content/plugins/woocommerce/vendor/jetpack-autoloader/class-php-autoloader.php on line 87

2023-02-24T10:22:47+00:00 CRITICAL Uncaught Error: Class 'WPSEO_Premium_Import_Manager' not found in /home/xuong308/nhadatquan9.net/wp-content/plugins/wordpress-seo-premium/premium.php:159
Stack trace:
#0 /home/xuong308/nhadatquan9.net/wp-content/plugins/wordpress-seo-premium/premium.php(107): WPSEO_Premium->setup()
#1 /home/xuong308/nhadatquan9.net/wp-content/plugins/wordpress-seo-premium/src/initializers/plugin.php(53): WPSEO_Premium->__construct()
#2 /home/xuong308/nhadatquan9.net/wp-includes/class-wp-hook.php(308): Yoast\WP\SEO\Premium\Initializers\Plugin->load('')
#3 /home/xuong308/nhadatquan9.net/wp-includes/class-wp-hook.php(332): WP_Hook->apply_filters(NULL, Array)
#4 /home/xuong308/nhadatquan9.net/wp-includes/plugin.php(517): WP_Hook->do_action(Array)
#5 /home/xuong308/nhadatquan9.net/wp-settings.php(480): do_action('plugins_loaded')
#6 /home/xuong308/nhadatquan9.net/wp-config.php(91): require_once('/home/xuong308/...')
#7 /home/xuong308/nhadatquan9.net/wp-load.php(50): require_once('/home/xuong308/...')
#8 /home/xuong308/nhadatquan9. in /home/xuong308/nhadatquan9.net/wp-content/plugins/wordpress-seo-premium/premium.php on line 159

2023-02-24T10:22:49+00:00 CRITICAL require_once(): Failed opening required '/home/xuong308/nhadatquan9.net/wp-admin/includes/comment.php' (include_path='.:/opt/alt/php74/usr/share/pear') in /home/xuong308/nhadatquan9.net/wp-admin/includes/admin.php on line 28

2023-02-24T10:22:49+00:00 CRITICAL require(): Failed opening required '/home/xuong308/nhadatquan9.net/wp-content/plugins/woocommerce/packages/woocommerce-blocks/src/StoreApi/StoreApi.php' (include_path='.:/opt/alt/php74/usr/share/pear') in /home/xuong308/nhadatquan9.net/wp-content/plugins/woocommerce/vendor/jetpack-autoloader/class-php-autoloader.php on line 87

2023-02-24T10:22:50+00:00 CRITICAL require(): Failed opening required '/home/xuong308/nhadatquan9.net/wp-content/plugins/woocommerce/src/Internal/Admin/WCAdminAssets.php' (include_path='.:/opt/alt/php74/usr/share/pear') in /home/xuong308/nhadatquan9.net/wp-content/plugins/woocommerce/vendor/jetpack-autoloader/class-php-autoloader.php on line 87

2023-02-24T10:22:52+00:00 CRITICAL require(): Failed opening required '/home/xuong308/nhadatquan9.net/wp-content/plugins/woocommerce/packages/woocommerce-blocks/src/InboxNotifications.php' (include_path='.:/opt/alt/php74/usr/share/pear') in /home/xuong308/nhadatquan9.net/wp-content/plugins/woocommerce/vendor/jetpack-autoloader/class-php-autoloader.php on line 87

2023-02-24T10:22:52+00:00 CRITICAL require(): Failed opening required '/home/xuong308/nhadatquan9.net/wp-content/plugins/woocommerce/src/Admin/API/Reports/Products/DataStore.php' (include_path='.:/opt/alt/php74/usr/share/pear') in /home/xuong308/nhadatquan9.net/wp-content/plugins/woocommerce/vendor/jetpack-autoloader/class-php-autoloader.php on line 87

2023-02-24T10:22:57+00:00 CRITICAL Uncaught Error: Call to undefined function acf_register_field_type() in /home/xuong308/nhadatquan9.net/wp-content/plugins/advanced-custom-fields-pro/includes/fields/class-acf-field-text.php:167
Stack trace:
#0 /home/xuong308/nhadatquan9.net/wp-content/plugins/advanced-custom-fields-pro/includes/api/api-helpers.php(428): include_once()
#1 /home/xuong308/nhadatquan9.net/wp-content/plugins/advanced-custom-fields-pro/acf.php(255): acf_include('includes/fields...')
#2 /home/xuong308/nhadatquan9.net/wp-includes/class-wp-hook.php(308): ACF->init('')
#3 /home/xuong308/nhadatquan9.net/wp-includes/class-wp-hook.php(332): WP_Hook->apply_filters(NULL, Array)
#4 /home/xuong308/nhadatquan9.net/wp-includes/plugin.php(517): WP_Hook->do_action(Array)
#5 /home/xuong308/nhadatquan9.net/wp-settings.php(617): do_action('init')
#6 /home/xuong308/nhadatquan9.net/wp-config.php(91): require_once('/home/xuong308/...')
#7 /home/xuong308/nhadatquan9.net/wp-load.php(50): require_once('/home/xuong308/...')
#8 /home/xuong308/nhadatquan9.ne in /home/xuong308/nhadatquan9.net/wp-content/plugins/advanced-custom-fields-pro/includes/fields/class-acf-field-text.php on line 167

2023-02-24T10:23:38+00:00 CRITICAL require(): Failed opening required '/home/xuong308/nhadatquan9.net/wp-content/plugins/woocommerce/src/Admin/Features/OnboardingTasks/TaskTraits.php' (include_path='.:/opt/alt/php74/usr/share/pear') in /home/xuong308/nhadatquan9.net/wp-content/plugins/woocommerce/vendor/jetpack-autoloader/class-php-autoloader.php on line 87

2023-02-24T10:23:39+00:00 CRITICAL require(): Failed opening required '/home/xuong308/nhadatquan9.net/wp-content/plugins/wordpress-seo-premium/vendor/composer/ClassLoader.php' (include_path='.:/opt/alt/php74/usr/share/pear') in /home/xuong308/nhadatquan9.net/wp-content/plugins/wordpress-seo-premium/vendor/composer/autoload_real.php on line 12

2023-02-24T10:23:41+00:00 CRITICAL require(): Failed opening required '/home/xuong308/nhadatquan9.net/wp-content/plugins/woocommerce/packages/woocommerce-blocks/src/InboxNotifications.php' (include_path='.:/opt/alt/php74/usr/share/pear') in /home/xuong308/nhadatquan9.net/wp-content/plugins/woocommerce/vendor/jetpack-autoloader/class-php-autoloader.php on line 87

2023-02-24T10:23:41+00:00 CRITICAL Uncaught Error: Class 'Yoast\WP\SEO\Memoizers\Meta_Tags_Context_Memoizer' not found in /home/xuong308/nhadatquan9.net/wp-content/plugins/wordpress-seo/src/generated/container.php:4339
Stack trace:
#0 /home/xuong308/nhadatquan9.net/wp-content/plugins/wordpress-seo/src/generated/container.php(3472): Yoast\WP\SEO\Generated\Cached_Container->getMetaTagsContextMemoizerService()
#1 /home/xuong308/nhadatquan9.net/wp-content/plugins/wordpress-seo/vendor_prefixed/symfony/dependency-injection/Container.php(271): Yoast\WP\SEO\Generated\Cached_Container->getBreadcrumbsBlockService()
#2 /home/xuong308/nhadatquan9.net/wp-content/plugins/wordpress-seo/src/loader.php(201): YoastSEO_Vendor\Symfony\Component\DependencyInjection\Container->get('Yoast\\WP\\SEO\\In...')
#3 /home/xuong308/nhadatquan9.net/wp-includes/class-wp-hook.php(308): Yoast\WP\SEO\Loader->load_integrations('')
#4 /home/xuong308/nhadatquan9.net/wp-includes/class-wp-hook.php(332): WP_Hook->apply_filters(NULL, Array)
#5 /home/xuong308/nhadatquan9.net/wp-includes in /home/xuong308/nhadatquan9.net/wp-content/plugins/wordpress-seo/src/generated/container.php on line 4339

2023-02-24T10:23:58+00:00 CRITICAL require(): Failed opening required '/home/xuong308/nhadatquan9.net/wp-content/plugins/woocommerce/packages/woocommerce-blocks/src/BlockTypes/AbstractDynamicBlock.php' (include_path='.:/opt/alt/php74/usr/share/pear') in /home/xuong308/nhadatquan9.net/wp-content/plugins/woocommerce/vendor/jetpack-autoloader/class-php-autoloader.php on line 87

2023-02-24T10:23:58+00:00 CRITICAL require(): Failed opening required '/home/xuong308/nhadatquan9.net/wp-content/plugins/woocommerce/src/Admin/Features/OnboardingTasks/Tasks/TourInAppMarketplace.php' (include_path='.:/opt/alt/php74/usr/share/pear') in /home/xuong308/nhadatquan9.net/wp-content/plugins/woocommerce/vendor/jetpack-autoloader/class-php-autoloader.php on line 87

