2023-02-20T00:15:15+00:00 CRITICAL Uncaught Error: Class 'WPSEO_Extensions' not found in /home/xuong308/nhadatquan9.net/wp-content/plugins/wordpress-seo-premium/admin/class-license-page-manager.php:58
Stack trace:
#0 /home/xuong308/nhadatquan9.net/wp-includes/class-wp-hook.php(308): WPSEO_License_Page_Manager->validate_extensions('')
#1 /home/xuong308/nhadatquan9.net/wp-includes/class-wp-hook.php(332): WP_Hook->apply_filters(NULL, Array)
#2 /home/xuong308/nhadatquan9.net/wp-includes/plugin.php(517): WP_Hook->do_action(Array)
#3 /home/xuong308/nhadatquan9.net/wp-admin/admin.php(175): do_action('admin_init')
#4 /home/xuong308/nhadatquan9.net/wp-admin/post.php(12): require_once('/home/xuong308/...')
#5 {main}
  thrown in /home/xuong308/nhadatquan9.net/wp-content/plugins/wordpress-seo-premium/admin/class-license-page-manager.php on line 58

2023-02-20T00:15:15+00:00 CRITICAL Uncaught Error: Class 'WC_Integration_MaxMind_Geolocation' not found in /home/xuong308/nhadatquan9.net/wp-content/plugins/woocommerce/includes/class-wc-integrations.php:41
Stack trace:
#0 /home/xuong308/nhadatquan9.net/wp-content/plugins/woocommerce/includes/class-woocommerce.php(652): WC_Integrations->__construct()
#1 /home/xuong308/nhadatquan9.net/wp-includes/class-wp-hook.php(308): WooCommerce->init('')
#2 /home/xuong308/nhadatquan9.net/wp-includes/class-wp-hook.php(332): WP_Hook->apply_filters(NULL, Array)
#3 /home/xuong308/nhadatquan9.net/wp-includes/plugin.php(517): WP_Hook->do_action(Array)
#4 /home/xuong308/nhadatquan9.net/wp-settings.php(617): do_action('init')
#5 /home/xuong308/nhadatquan9.net/wp-config.php(91): require_once('/home/xuong308/...')
#6 /home/xuong308/nhadatquan9.net/wp-load.php(50): require_once('/home/xuong308/...')
#7 /home/xuong308/nhadatquan9.net/wp-blog-header.php(13): require_once('/home/xuong308/...')
#8 /home/xuong308/nhadatquan9.net/index.php(17): require('/home/xuong308/...') in /home/xuong308/nhadatquan9.net/wp-content/plugins/woocommerce/includes/class-wc-integrations.php on line 41

2023-02-20T00:15:15+00:00 CRITICAL Uncaught Error: Class 'Yoast_Notification' not found in /home/xuong308/nhadatquan9.net/wp-content/plugins/wordpress-seo-premium/admin/class-yoast-notification-center.php:709
Stack trace:
#0 [internal function]: Yoast_Notification_Center->array_to_notification(Array)
#1 /home/xuong308/nhadatquan9.net/wp-content/plugins/wordpress-seo-premium/admin/class-yoast-notification-center.php(605): array_map(Array, Array)
#2 /home/xuong308/nhadatquan9.net/wp-content/plugins/wordpress-seo-premium/admin/class-yoast-notification-center.php(272): Yoast_Notification_Center->retrieve_notifications_from_storage()
#3 /home/xuong308/nhadatquan9.net/wp-includes/class-wp-hook.php(308): Yoast_Notification_Center->setup_current_notifications('')
#4 /home/xuong308/nhadatquan9.net/wp-includes/class-wp-hook.php(332): WP_Hook->apply_filters(NULL, Array)
#5 /home/xuong308/nhadatquan9.net/wp-includes/plugin.php(517): WP_Hook->do_action(Array)
#6 /home/xuong308/nhadatquan9.net/wp-settings.php(617): do_action('init')
#7 /home/xuong308/nhadat in /home/xuong308/nhadatquan9.net/wp-content/plugins/wordpress-seo-premium/admin/class-yoast-notification-center.php on line 709

2023-02-20T00:15:15+00:00 CRITICAL require(): Failed opening required '/home/xuong308/nhadatquan9.net/wp-content/themes/flatsome/inc/shortcodes/text_box.php' (include_path='.:/opt/alt/php74/usr/share/pear') in /home/xuong308/nhadatquan9.net/wp-content/themes/flatsome/inc/init.php on line 80

2023-02-20T00:15:15+00:00 CRITICAL require(): Failed opening required '/home/xuong308/nhadatquan9.net/wp-content/plugins/woocommerce/src/Internal/Admin/Onboarding/Onboarding.php' (include_path='.:/opt/alt/php74/usr/share/pear') in /home/xuong308/nhadatquan9.net/wp-content/plugins/woocommerce/vendor/jetpack-autoloader/class-php-autoloader.php on line 87

2023-02-20T00:15:24+00:00 CRITICAL require_once(): Failed opening required '/home/xuong308/nhadatquan9.net/wp-content/themes/flatsome/inc/builder/core/server/helpers/breakpoints.php' (include_path='.:/opt/alt/php74/usr/share/pear') in /home/xuong308/nhadatquan9.net/wp-content/themes/flatsome/inc/builder/core/ux-builder.php on line 18

2023-02-20T00:15:28+00:00 CRITICAL require(): Failed opening required '/home/xuong308/nhadatquan9.net/wp-content/themes/flatsome/inc/shortcodes/row.php' (include_path='.:/opt/alt/php74/usr/share/pear') in /home/xuong308/nhadatquan9.net/wp-content/themes/flatsome/inc/init.php on line 79

2023-02-20T00:15:29+00:00 CRITICAL require(): Failed opening required '/home/xuong308/nhadatquan9.net/wp-content/plugins/woocommerce/src/Admin/Features/NewProductManagementExperience.php' (include_path='.:/opt/alt/php74/usr/share/pear') in /home/xuong308/nhadatquan9.net/wp-content/plugins/woocommerce/vendor/jetpack-autoloader/class-php-autoloader.php on line 87

2023-02-20T00:15:30+00:00 CRITICAL Uncaught Error: Class 'ActionScheduler_DateTime' not found in /home/xuong308/nhadatquan9.net/wp-content/plugins/woocommerce/packages/action-scheduler/functions.php:419
Stack trace:
#0 /home/xuong308/nhadatquan9.net/wp-content/plugins/woocommerce/packages/action-scheduler/classes/abstracts/ActionScheduler_Abstract_Schedule.php(80): as_get_datetime_object(1676927087)
#1 /home/xuong308/nhadatquan9.net/wp-content/plugins/woocommerce/packages/action-scheduler/classes/abstracts/ActionScheduler_Abstract_RecurringSchedule.php(95): ActionScheduler_Abstract_Schedule->__wakeup()
#2 /home/xuong308/nhadatquan9.net/wp-content/plugins/woocommerce/packages/action-scheduler/classes/schedules/ActionScheduler_IntervalSchedule.php(79): ActionScheduler_Abstract_RecurringSchedule->__wakeup()
#3 [internal function]: ActionScheduler_IntervalSchedule->__wakeup()
#4 /home/xuong308/nhadatquan9.net/wp-content/plugins/woocommerce/packages/action-scheduler/classes/data-stores/ActionScheduler_DBStore.php(348): unserialize('O:32:"ActionSch. in /home/xuong308/nhadatquan9.net/wp-content/plugins/woocommerce/packages/action-scheduler/functions.php on line 419

2023-02-20T00:15:31+00:00 CRITICAL require(): Failed opening required '/home/xuong308/nhadatquan9.net/wp-content/plugins/woocommerce/src/Admin/Features/OnboardingTasks/Init.php' (include_path='.:/opt/alt/php74/usr/share/pear') in /home/xuong308/nhadatquan9.net/wp-content/plugins/woocommerce/vendor/jetpack-autoloader/class-php-autoloader.php on line 87

2023-02-20T00:15:31+00:00 CRITICAL require(): Failed opening required '/home/xuong308/nhadatquan9.net/wp-content/plugins/woocommerce/src/Internal/Admin/Notes/CouponPageMoved.php' (include_path='.:/opt/alt/php74/usr/share/pear') in /home/xuong308/nhadatquan9.net/wp-content/plugins/woocommerce/vendor/jetpack-autoloader/class-php-autoloader.php on line 87

2023-02-20T00:15:31+00:00 CRITICAL Uncaught Error: Class 'WPSEO_Premium_Import_Manager' not found in /home/xuong308/nhadatquan9.net/wp-content/plugins/wordpress-seo-premium/premium/premium.php:203
Stack trace:
#0 /home/xuong308/nhadatquan9.net/wp-content/plugins/wordpress-seo-premium/premium/premium.php(127): WPSEO_Premium->setup()
#1 /home/xuong308/nhadatquan9.net/wp-content/plugins/wordpress-seo-premium/wp-seo-premium.php(112): WPSEO_Premium->__construct()
#2 /home/xuong308/nhadatquan9.net/wp-includes/class-wp-hook.php(308): wpseo_premium_init('')
#3 /home/xuong308/nhadatquan9.net/wp-includes/class-wp-hook.php(332): WP_Hook->apply_filters(NULL, Array)
#4 /home/xuong308/nhadatquan9.net/wp-includes/plugin.php(517): WP_Hook->do_action(Array)
#5 /home/xuong308/nhadatquan9.net/wp-settings.php(480): do_action('plugins_loaded')
#6 /home/xuong308/nhadatquan9.net/wp-config.php(91): require_once('/home/xuong308/...')
#7 /home/xuong308/nhadatquan9.net/wp-load.php(50): require_once('/home/xuong308/...')
#8 /home/xuong308/nhadatquan9.net/wp-admin/admin-a in /home/xuong308/nhadatquan9.net/wp-content/plugins/wordpress-seo-premium/premium/premium.php on line 203

2023-02-20T00:15:33+00:00 CRITICAL Uncaught Error: Class 'WC_Install' not found in /home/xuong308/nhadatquan9.net/wp-content/plugins/woocommerce/includes/admin/class-wc-admin-notices.php:65
Stack trace:
#0 /home/xuong308/nhadatquan9.net/wp-content/plugins/woocommerce/includes/admin/class-wc-admin-notices.php(707): WC_Admin_Notices::init()
#1 /home/xuong308/nhadatquan9.net/wp-content/plugins/woocommerce/includes/admin/class-wc-admin.php(62): include_once('/home/xuong308/...')
#2 /home/xuong308/nhadatquan9.net/wp-includes/class-wp-hook.php(308): WC_Admin->includes('')
#3 /home/xuong308/nhadatquan9.net/wp-includes/class-wp-hook.php(332): WP_Hook->apply_filters(NULL, Array)
#4 /home/xuong308/nhadatquan9.net/wp-includes/plugin.php(517): WP_Hook->do_action(Array)
#5 /home/xuong308/nhadatquan9.net/wp-settings.php(617): do_action('init')
#6 /home/xuong308/nhadatquan9.net/wp-config.php(91): require_once('/home/xuong308/...')
#7 /home/xuong308/nhadatquan9.net/wp-load.php(50): require_once('/home/xuong308/...')
#8 /home/xuong308/nhadatquan9.net/wp-admin/ in /home/xuong308/nhadatquan9.net/wp-content/plugins/woocommerce/includes/admin/class-wc-admin-notices.php on line 65

2023-02-20T00:15:35+00:00 CRITICAL Uncaught Error: Class 'WC_Deprecated_Action_Hooks' not found in /home/xuong308/nhadatquan9.net/wp-content/plugins/woocommerce/includes/class-woocommerce.php:654
Stack trace:
#0 /home/xuong308/nhadatquan9.net/wp-includes/class-wp-hook.php(308): WooCommerce->init('')
#1 /home/xuong308/nhadatquan9.net/wp-includes/class-wp-hook.php(332): WP_Hook->apply_filters(NULL, Array)
#2 /home/xuong308/nhadatquan9.net/wp-includes/plugin.php(517): WP_Hook->do_action(Array)
#3 /home/xuong308/nhadatquan9.net/wp-settings.php(617): do_action('init')
#4 /home/xuong308/nhadatquan9.net/wp-config.php(91): require_once('/home/xuong308/...')
#5 /home/xuong308/nhadatquan9.net/wp-load.php(50): require_once('/home/xuong308/...')
#6 /home/xuong308/nhadatquan9.net/wp-admin/admin.php(34): require_once('/home/xuong308/...')
#7 /home/xuong308/nhadatquan9.net/wp-admin/post.php(12): require_once('/home/xuong308/...')
#8 {main}
  thrown in /home/xuong308/nhadatquan9.net/wp-content/plugins/woocommerce/includes/class-woocommerce.php on line 654

2023-02-20T00:15:41+00:00 CRITICAL require_once(): Failed opening required '/home/xuong308/nhadatquan9.net/wp-admin/includes/bookmark.php' (include_path='.:/opt/alt/php74/usr/share/pear') in /home/xuong308/nhadatquan9.net/wp-admin/includes/admin.php on line 25

2023-02-20T00:15:44+00:00 CRITICAL Uncaught Error: Class 'acf_field' not found in /home/xuong308/nhadatquan9.net/wp-content/plugins/advanced-custom-fields-pro/includes/fields/class-acf-field-text.php:5
Stack trace:
#0 /home/xuong308/nhadatquan9.net/wp-content/plugins/advanced-custom-fields-pro/includes/api/api-helpers.php(428): include_once()
#1 /home/xuong308/nhadatquan9.net/wp-content/plugins/advanced-custom-fields-pro/acf.php(255): acf_include('includes/fields...')
#2 /home/xuong308/nhadatquan9.net/wp-includes/class-wp-hook.php(308): ACF->init('')
#3 /home/xuong308/nhadatquan9.net/wp-includes/class-wp-hook.php(332): WP_Hook->apply_filters(NULL, Array)
#4 /home/xuong308/nhadatquan9.net/wp-includes/plugin.php(517): WP_Hook->do_action(Array)
#5 /home/xuong308/nhadatquan9.net/wp-settings.php(617): do_action('init')
#6 /home/xuong308/nhadatquan9.net/wp-config.php(91): require_once('/home/xuong308/...')
#7 /home/xuong308/nhadatquan9.net/wp-load.php(50): require_once('/home/xuong308/...')
#8 /home/xuong308/nhadatquan9.net/wp-admin/admin.php(34): r in /home/xuong308/nhadatquan9.net/wp-content/plugins/advanced-custom-fields-pro/includes/fields/class-acf-field-text.php on line 5

2023-02-20T21:06:39+00:00 CRITICAL require(): Failed opening required '/home/xuong308/nhadatquan9.net/wp-content/plugins/woocommerce/packages/woocommerce-blocks/src/BlockTypes/CheckoutOrderSummaryTaxesBlock.php' (include_path='.:/opt/alt/php74/usr/share/pear') in /home/xuong308/nhadatquan9.net/wp-content/plugins/woocommerce/vendor/jetpack-autoloader/class-php-autoloader.php on line 87

2023-02-20T21:06:39+00:00 CRITICAL require(): Failed opening required '/home/xuong308/nhadatquan9.net/wp-content/themes/flatsome/inc/woocommerce/structure-wc-product-box.php' (include_path='.:/opt/alt/php74/usr/share/pear') in /home/xuong308/nhadatquan9.net/wp-content/themes/flatsome/inc/init.php on line 147

2023-02-20T21:06:48+00:00 CRITICAL Uncaught Error: Class 'MSP_Admin_Assets' not found in /home/xuong308/nhadatquan9.net/wp-content/plugins/master-slider/admin/class-master-slider-admin.php:166
Stack trace:
#0 /home/xuong308/nhadatquan9.net/wp-includes/class-wp-hook.php(308): Master_Slider_Admin->enqueue_admin_scripts('post.php')
#1 /home/xuong308/nhadatquan9.net/wp-includes/class-wp-hook.php(332): WP_Hook->apply_filters(NULL, Array)
#2 /home/xuong308/nhadatquan9.net/wp-includes/plugin.php(517): WP_Hook->do_action(Array)
#3 /home/xuong308/nhadatquan9.net/wp-admin/admin-header.php(118): do_action('admin_enqueue_s...', 'post.php')
#4 /home/xuong308/nhadatquan9.net/wp-admin/edit-form-advanced.php(425): require_once('/home/xuong308/...')
#5 /home/xuong308/nhadatquan9.net/wp-admin/post.php(206): require('/home/xuong308/...')
#6 {main}
  thrown in /home/xuong308/nhadatquan9.net/wp-content/plugins/master-slider/admin/class-master-slider-admin.php on line 166

2023-02-20T23:19:49+00:00 CRITICAL require_once(): Failed opening required '/home/xuong308/nhadatquan9.net/wp-admin/includes/admin.php' (include_path='.:/opt/alt/php74/usr/share/pear') in /home/xuong308/nhadatquan9.net/wp-admin/admin-ajax.php on line 36

2023-02-20T23:45:07+00:00 CRITICAL Uncaught Error: Class 'WPSEO_Premium_Prominent_Words_Versioning' not found in /home/xuong308/nhadatquan9.net/wp-content/plugins/wordpress-seo-premium/premium/premium.php:106
Stack trace:
#0 /home/xuong308/nhadatquan9.net/wp-content/plugins/wordpress-seo-premium/wp-seo-premium.php(112): WPSEO_Premium->__construct()
#1 /home/xuong308/nhadatquan9.net/wp-includes/class-wp-hook.php(308): wpseo_premium_init('')
#2 /home/xuong308/nhadatquan9.net/wp-includes/class-wp-hook.php(332): WP_Hook->apply_filters(NULL, Array)
#3 /home/xuong308/nhadatquan9.net/wp-includes/plugin.php(517): WP_Hook->do_action(Array)
#4 /home/xuong308/nhadatquan9.net/wp-settings.php(480): do_action('plugins_loaded')
#5 /home/xuong308/nhadatquan9.net/wp-config.php(91): require_once('/home/xuong308/...')
#6 /home/xuong308/nhadatquan9.net/wp-load.php(50): require_once('/home/xuong308/...')
#7 /home/xuong308/nhadatquan9.net/wp-admin/admin-ajax.php(22): require_once('/home/xuong308/...')
#8 {main}
  thrown in /home/xuong308/nhadatquan9.net/wp-content/plugins/wordpress-seo-premium/premium/premium.php on line 106

2023-02-20T23:45:10+00:00 CRITICAL Uncaught Error: Class 'WC_Notes_Refund_Returns' not found in /home/xuong308/nhadatquan9.net/wp-content/plugins/woocommerce/src/Internal/Admin/Events.php:134
Stack trace:
#0 /home/xuong308/nhadatquan9.net/wp-content/plugins/woocommerce/src/Internal/Admin/FeaturePlugin.php(150): Automattic\WooCommerce\Internal\Admin\Events->init()
#1 /home/xuong308/nhadatquan9.net/wp-content/plugins/woocommerce/src/Internal/Admin/FeaturePlugin.php(99): Automattic\WooCommerce\Internal\Admin\FeaturePlugin->includes()
#2 /home/xuong308/nhadatquan9.net/wp-content/plugins/woocommerce/src/Internal/Admin/FeaturePlugin.php(82): Automattic\WooCommerce\Internal\Admin\FeaturePlugin->on_plugins_loaded()
#3 /home/xuong308/nhadatquan9.net/wp-content/plugins/woocommerce/src/Admin/Composer/Package.php(65): Automattic\WooCommerce\Internal\Admin\FeaturePlugin->init()
#4 /home/xuong308/nhadatquan9.net/wp-content/plugins/woocommerce/src/Packages.php(64): Automattic\WooCommerce\Admin\Composer\Package::init()
#5 /home/xuong308/nhadatquan9.net/wp-con in /home/xuong308/nhadatquan9.net/wp-content/plugins/woocommerce/src/Internal/Admin/Events.php on line 134

2023-02-20T23:48:03+00:00 CRITICAL require(): Failed opening required '/home/xuong308/nhadatquan9.net/wp-content/themes/flatsome/inc/functions/function-fallbacks.php' (include_path='.:/opt/alt/php74/usr/share/pear') in /home/xuong308/nhadatquan9.net/wp-content/themes/flatsome/inc/init.php on line 30

2023-02-20T23:48:04+00:00 CRITICAL require(): Failed opening required '/home/xuong308/nhadatquan9.net/wp-content/plugins/woocommerce/src/Admin/Schedulers/SchedulerTraits.php' (include_path='.:/opt/alt/php74/usr/share/pear') in /home/xuong308/nhadatquan9.net/wp-content/plugins/woocommerce/vendor/jetpack-autoloader/class-php-autoloader.php on line 87

2023-02-20T23:48:06+00:00 CRITICAL require(): Failed opening required '/home/xuong308/nhadatquan9.net/wp-content/themes/flatsome/inc/shortcodes/titles_dividers.php' (include_path='.:/opt/alt/php74/usr/share/pear') in /home/xuong308/nhadatquan9.net/wp-content/themes/flatsome/inc/init.php on line 93

2023-02-20T23:48:07+00:00 CRITICAL Uncaught Error: Class 'WPSEO_Premium_Import_Manager' not found in /home/xuong308/nhadatquan9.net/wp-content/plugins/wordpress-seo-premium/premium/premium.php:203
Stack trace:
#0 /home/xuong308/nhadatquan9.net/wp-content/plugins/wordpress-seo-premium/premium/premium.php(127): WPSEO_Premium->setup()
#1 /home/xuong308/nhadatquan9.net/wp-content/plugins/wordpress-seo-premium/wp-seo-premium.php(112): WPSEO_Premium->__construct()
#2 /home/xuong308/nhadatquan9.net/wp-includes/class-wp-hook.php(308): wpseo_premium_init('')
#3 /home/xuong308/nhadatquan9.net/wp-includes/class-wp-hook.php(332): WP_Hook->apply_filters(NULL, Array)
#4 /home/xuong308/nhadatquan9.net/wp-includes/plugin.php(517): WP_Hook->do_action(Array)
#5 /home/xuong308/nhadatquan9.net/wp-settings.php(480): do_action('plugins_loaded')
#6 /home/xuong308/nhadatquan9.net/wp-config.php(91): require_once('/home/xuong308/...')
#7 /home/xuong308/nhadatquan9.net/wp-load.php(50): require_once('/home/xuong308/...')
#8 /home/xuong308/nhadatquan9.net/wp-admin/admin-a in /home/xuong308/nhadatquan9.net/wp-content/plugins/wordpress-seo-premium/premium/premium.php on line 203

2023-02-20T23:48:08+00:00 CRITICAL require_once(): Failed opening required '/home/xuong308/nhadatquan9.net/wp-content/plugins/tablepress/classes/class-model.php' (include_path='.:/opt/alt/php74/usr/share/pear') in /home/xuong308/nhadatquan9.net/wp-content/plugins/tablepress/classes/class-tablepress.php on line 203

2023-02-20T23:48:08+00:00 CRITICAL require_once(): Failed opening required '/home/xuong308/nhadatquan9.net/wp-content/plugins/tablepress/models/model-post.php' (include_path='.:/opt/alt/php74/usr/share/pear') in /home/xuong308/nhadatquan9.net/wp-content/plugins/tablepress/classes/class-tablepress.php on line 203

2023-02-20T23:48:37+00:00 CRITICAL require(): Failed opening required '/home/xuong308/nhadatquan9.net/wp-content/plugins/woocommerce/packages/woocommerce-blocks/src/BlockTemplatesController.php' (include_path='.:/opt/alt/php74/usr/share/pear') in /home/xuong308/nhadatquan9.net/wp-content/plugins/woocommerce/vendor/jetpack-autoloader/class-php-autoloader.php on line 87

2023-02-20T23:48:44+00:00 CRITICAL require(): Failed opening required '/home/xuong308/nhadatquan9.net/wp-content/plugins/woocommerce/packages/woocommerce-blocks/src/BlockTypes/ProductNew.php' (include_path='.:/opt/alt/php74/usr/share/pear') in /home/xuong308/nhadatquan9.net/wp-content/plugins/woocommerce/vendor/jetpack-autoloader/class-php-autoloader.php on line 87

2023-02-20T23:48:44+00:00 CRITICAL require_once(): Failed opening required '/home/xuong308/nhadatquan9.net/wp-admin/includes/media.php' (include_path='.:/opt/alt/php74/usr/share/pear') in /home/xuong308/nhadatquan9.net/wp-admin/includes/admin.php on line 37

2023-02-20T23:48:44+00:00 CRITICAL require(): Failed opening required '/home/xuong308/nhadatquan9.net/wp-content/themes/flatsome/inc/admin/advanced/index.php' (include_path='.:/opt/alt/php74/usr/share/pear') in /home/xuong308/nhadatquan9.net/wp-content/themes/flatsome/inc/admin/admin-init.php on line 20

2023-02-20T23:48:44+00:00 CRITICAL require(): Failed opening required '/home/xuong308/nhadatquan9.net/wp-includes/version.php' (include_path='.:/opt/alt/php74/usr/share/pear') in /home/xuong308/nhadatquan9.net/wp-includes/script-loader.php on line 650

2023-02-20T23:49:04+00:00 CRITICAL require_once(): Failed opening required '/home/xuong308/nhadatquan9.net/wp-content/plugins/wp-table-manager-light/app/site/helpers/wptmHelper.php' (include_path='.:/opt/alt/php74/usr/share/pear') in /home/xuong308/nhadatquan9.net/wp-content/plugins/wp-table-manager-light/app/admin/init.php on line 63

2023-02-20T23:49:04+00:00 CRITICAL require(): Failed opening required '/home/xuong308/nhadatquan9.net/wp-content/plugins/woocommerce/src/Internal/ProductDownloads/ApprovedDirectories/Admin/SyncUI.php' (include_path='.:/opt/alt/php74/usr/share/pear') in /home/xuong308/nhadatquan9.net/wp-content/plugins/woocommerce/vendor/jetpack-autoloader/class-php-autoloader.php on line 87

2023-02-20T23:49:04+00:00 CRITICAL require_once(): Failed opening required '/home/xuong308/nhadatquan9.net/wp-admin/includes/comment.php' (include_path='.:/opt/alt/php74/usr/share/pear') in /home/xuong308/nhadatquan9.net/wp-admin/includes/admin.php on line 28

2023-02-20T23:49:04+00:00 CRITICAL require(): Failed opening required '/home/xuong308/nhadatquan9.net/wp-content/plugins/woocommerce/src/Admin/WCAdminHelper.php' (include_path='.:/opt/alt/php74/usr/share/pear') in /home/xuong308/nhadatquan9.net/wp-content/plugins/woocommerce/vendor/jetpack-autoloader/class-php-autoloader.php on line 87

