2023-02-24T14:13:43+00:00 CRITICAL Uncaught Error: Call to a member function get_cart_subtotal() on null in /home/xuong308/public_html/wp-content/themes/flatsome/template-parts/header/partials/element-cart.php:31
Stack trace:
#0 /home/xuong308/public_html/wp-includes/template.php(785): require()
#1 /home/xuong308/public_html/wp-includes/template.php(718): load_template('/home/xuong308/...', false, Array)
#2 /home/xuong308/public_html/wp-includes/general-template.php(204): locate_template(Array, true, false, Array)
#3 /home/xuong308/public_html/wp-content/themes/flatsome/inc/structure/structure-header.php(96): get_template_part('template-parts/...', '')
#4 /home/xuong308/public_html/wp-content/themes/flatsome/template-parts/header/header-main.php(27): flatsome_header_elements('header_elements...')
#5 /home/xuong308/public_html/wp-includes/template.php(785): require('/home/xuong308/...')
#6 /home/xuong308/public_html/wp-includes/template.php(718): load_template('/home/xuong308/...', false, Array)
#7 /home/xuong308/public_html/wp-includes/general in /home/xuong308/public_html/wp-content/themes/flatsome/template-parts/header/partials/element-cart.php on line 31

2023-02-24T14:13:44+00:00 CRITICAL Uncaught Error: Call to a member function get_cart_subtotal() on null in /home/xuong308/public_html/wp-content/themes/flatsome/template-parts/header/partials/element-cart.php:31
Stack trace:
#0 /home/xuong308/public_html/wp-includes/template.php(785): require()
#1 /home/xuong308/public_html/wp-includes/template.php(718): load_template('/home/xuong308/...', false, Array)
#2 /home/xuong308/public_html/wp-includes/general-template.php(204): locate_template(Array, true, false, Array)
#3 /home/xuong308/public_html/wp-content/themes/flatsome/inc/structure/structure-header.php(96): get_template_part('template-parts/...', '')
#4 /home/xuong308/public_html/wp-content/themes/flatsome/template-parts/header/header-main.php(27): flatsome_header_elements('header_elements...')
#5 /home/xuong308/public_html/wp-includes/template.php(785): require('/home/xuong308/...')
#6 /home/xuong308/public_html/wp-includes/template.php(718): load_template('/home/xuong308/...', false, Array)
#7 /home/xuong308/public_html/wp-includes/general in /home/xuong308/public_html/wp-content/themes/flatsome/template-parts/header/partials/element-cart.php on line 31

